Arguments: 
  /usr/bin/node /usr/bin/yarn

PATH: 
  /home/schaze/.npm/bin:/usr/local/bin:/usr/bin:/var/lib/snapd/snap/bin:/usr/local/sbin:/var/lib/flatpak/exports/bin:/usr/lib/jvm/default/bin:/usr/bin/site_perl:/usr/bin/vendor_perl:/usr/bin/core_perl

Yarn version: 
  1.22.19

Node version: 
  19.7.0

Platform: 
  linux x64

Trace: 
  Error: https://registry.npmjs.org/node-homie5: Not found
      at params.callback [as _callback] (/usr/lib/node_modules/yarn/lib/cli.js:66145:18)
      at self.callback (/usr/lib/node_modules/yarn/lib/cli.js:140890:22)
      at Request.emit (node:events:512:28)
      at Request.<anonymous> (/usr/lib/node_modules/yarn/lib/cli.js:141862:10)
      at Request.emit (node:events:512:28)
      at IncomingMessage.<anonymous> (/usr/lib/node_modules/yarn/lib/cli.js:141784:12)
      at Object.onceWrapper (node:events:626:28)
      at IncomingMessage.emit (node:events:524:35)
      at endReadableNT (node:internal/streams/readable:1359:12)
      at process.processTicksAndRejections (node:internal/process/task_queues:82:21)

npm manifest: 
  {
    "name": "hc-deconz2homie",
    "version": "0.1.3",
    "description": "expose deconz zigbee devices via homie protocol convention",
    "main": "service.js",
    "scripts": {
      "gulp": "gulp",
      "start": "node dist/service.js",
      "test": "node -r source-map-support/register dist/service.js",
      "debug": "node -r source-map-support/register --inspect dist/service.js"
    },
    "author": "Thomas Schaz",
    "license": "MIT",
    "dependencies": {
      "axios": "~0.24.0",
      "cie-rgb-color-converter": "~1.0.6",
      "color-space": "~1.16.0",
      "node-homie5": "~5.0.0-beta5",
      "hc-node-homie-smarthome": "~5.0.0-beta5",
      "rxjs": "~7.8.0",
      "winston": "~3.3.3",
      "ws": "~7.4.2"
    },
    "devDependencies": {
      "@tsconfig/node14": "^1.0.0",
      "@types/node": "^14.0.0",
      "@types/ws": "~7.4.2",
      "gulp": "~4.0.2",
      "gulp-sourcemaps": "~3.0.0",
      "gulp-typescript": "~5.0.1",
      "source-map-support": "~0.5.21",
      "tslint": "~5.18.0",
      "typescript": "~4.4.0"
    }
  }

yarn manifest: 
  No manifest

Lockfile: 
  No lockfile
